This is pdfTeX, Version 3.141592653-2.6-1.40.24 (TeX Live 2022) (preloaded format=pdflatex 2022.11.14)  29 NOV 2022 20:02
entering extended mode
 restricted \write18 enabled.
 file:line:error style messages enabled.
 %&-line parsing enabled.
**"/Users/andrewchang/Desktop/Latex /chem156_ch14.tex"
(/Users/andrewchang/Desktop/Latex /chem156_ch14.tex
LaTeX2e <2021-11-15> patch level 1
L3 programming layer <2022-02-24> (/usr/local/texlive/2022/texmf-dist/tex/latex/base/article.cls
Document Class: article 2021/10/04 v1.4n Standard LaTeX document class
(/usr/local/texlive/2022/texmf-dist/tex/latex/base/size12.clo
File: size12.clo 2021/10/04 v1.4n Standard LaTeX file (size option)
)
\c@part=\count185
\c@section=\count186
\c@subsection=\count187
\c@subsubsection=\count188
\c@paragraph=\count189
\c@subparagraph=\count190
\c@figure=\count191
\c@table=\count192
\abovecaptionskip=\skip47
\belowcaptionskip=\skip48
\bibindent=\dimen138
) (/usr/local/texlive/2022/texmf-dist/tex/latex/base/inputenc.sty
Package: inputenc 2021/02/14 v1.3d Input encoding file
\inpenc@prehook=\toks16
\inpenc@posthook=\toks17
) (/usr/local/texlive/2022/texmf-dist/tex/latex/geometry/geometry.sty
Package: geometry 2020/01/02 v5.9 Page Geometry
 (/usr/local/texlive/2022/texmf-dist/tex/latex/graphics/keyval.sty
Package: keyval 2014/10/28 v1.15 key=value parser (DPC)
\KV@toks@=\toks18
) (/usr/local/texlive/2022/texmf-dist/tex/generic/iftex/ifvtex.sty
Package: ifvtex 2019/10/25 v1.7 ifvtex legacy package. Use iftex instead.
 (/usr/local/texlive/2022/texmf-dist/tex/generic/iftex/iftex.sty
Package: iftex 2022/02/03 v1.0f TeX engine tests
))
\Gm@cnth=\count193
\Gm@cntv=\count194
\c@Gm@tempcnt=\count195
\Gm@bindingoffset=\dimen139
\Gm@wd@mp=\dimen140
\Gm@odd@mp=\dimen141
\Gm@even@mp=\dimen142
\Gm@layoutwidth=\dimen143
\Gm@layoutheight=\dimen144
\Gm@layouthoffset=\dimen145
\Gm@layoutvoffset=\dimen146
\Gm@dimlist=\toks19
) (/usr/local/texlive/2022/texmf-dist/tex/latex/graphics/graphicx.sty
Package: graphicx 2021/09/16 v1.2d Enhanced LaTeX Graphics (DPC,SPQR)
 (/usr/local/texlive/2022/texmf-dist/tex/latex/graphics/graphics.sty
Package: graphics 2021/03/04 v1.4d Standard LaTeX Graphics (DPC,SPQR)
 (/usr/local/texlive/2022/texmf-dist/tex/latex/graphics/trig.sty
Package: trig 2021/08/11 v1.11 sin cos tan (DPC)
) (/usr/local/texlive/2022/texmf-dist/tex/latex/graphics-cfg/graphics.cfg
File: graphics.cfg 2016/06/04 v1.11 sample graphics configuration
)
Package graphics Info: Driver file: pdftex.def on input line 107.
 (/usr/local/texlive/2022/texmf-dist/tex/latex/graphics-def/pdftex.def
File: pdftex.def 2020/10/05 v1.2a Graphics/color driver for pdftex
))
\Gin@req@height=\dimen147
\Gin@req@width=\dimen148
) (/usr/local/texlive/2022/texmf-dist/tex/latex/amsmath/amsmath.sty
Package: amsmath 2021/10/15 v2.17l AMS math features
\@mathmargin=\skip49

For additional information on amsmath, use the `?' option.
(/usr/local/texlive/2022/texmf-dist/tex/latex/amsmath/amstext.sty
Package: amstext 2021/08/26 v2.01 AMS text
 (/usr/local/texlive/2022/texmf-dist/tex/latex/amsmath/amsgen.sty
File: amsgen.sty 1999/11/30 v2.0 generic functions
\@emptytoks=\toks20
\ex@=\dimen149
)) (/usr/local/texlive/2022/texmf-dist/tex/latex/amsmath/amsbsy.sty
Package: amsbsy 1999/11/29 v1.2d Bold Symbols
\pmbraise@=\dimen150
) (/usr/local/texlive/2022/texmf-dist/tex/latex/amsmath/amsopn.sty
Package: amsopn 2021/08/26 v2.02 operator names
)
\inf@bad=\count196
LaTeX Info: Redefining \frac on input line 234.
\uproot@=\count197
\leftroot@=\count198
LaTeX Info: Redefining \overline on input line 399.
\classnum@=\count199
\DOTSCASE@=\count266
LaTeX Info: Redefining \ldots on input line 496.
LaTeX Info: Redefining \dots on input line 499.
LaTeX Info: Redefining \cdots on input line 620.
\Mathstrutbox@=\box50
\strutbox@=\box51
\big@size=\dimen151
LaTeX Font Info:    Redeclaring font encoding OML on input line 743.
LaTeX Font Info:    Redeclaring font encoding OMS on input line 744.
\macc@depth=\count267
\c@MaxMatrixCols=\count268
\dotsspace@=\muskip16
\c@parentequation=\count269
\dspbrk@lvl=\count270
\tag@help=\toks21
\row@=\count271
\column@=\count272
\maxfields@=\count273
\andhelp@=\toks22
\eqnshift@=\dimen152
\alignsep@=\dimen153
\tagshift@=\dimen154
\tagwidth@=\dimen155
\totwidth@=\dimen156
\lineht@=\dimen157
\@envbody=\toks23
\multlinegap=\skip50
\multlinetaggap=\skip51
\mathdisplay@stack=\toks24
LaTeX Info: Redefining \[ on input line 2938.
LaTeX Info: Redefining \] on input line 2939.
) (/usr/local/texlive/2022/texmf-dist/tex/latex/ncctools/nccmath.sty
Package: nccmath 2006/01/20 v1.3 Additional Math Commands (NCC)
\NCC@fracrulewidth=\dimen158
) (/usr/local/texlive/2022/texmf-dist/tex/latex/xcolor/xcolor.sty
Package: xcolor 2021/10/31 v2.13 LaTeX color extensions (UK)
 (/usr/local/texlive/2022/texmf-dist/tex/latex/graphics-cfg/color.cfg
File: color.cfg 2016/01/02 v1.6 sample color configuration
)
Package xcolor Info: Driver file: pdftex.def on input line 227.
Package xcolor Info: Model `cmy' substituted by `cmy0' on input line 1352.
Package xcolor Info: Model `hsb' substituted by `rgb' on input line 1356.
Package xcolor Info: Model `RGB' extended on input line 1368.
Package xcolor Info: Model `HTML' substituted by `rgb' on input line 1370.
Package xcolor Info: Model `Hsb' substituted by `hsb' on input line 1371.
Package xcolor Info: Model `tHsb' substituted by `hsb' on input line 1372.
Package xcolor Info: Model `HSB' substituted by `hsb' on input line 1373.
Package xcolor Info: Model `Gray' substituted by `gray' on input line 1374.
Package xcolor Info: Model `wave' substituted by `hsb' on input line 1375.
) (/usr/local/texlive/2022/texmf-dist/tex/latex/l3backend/l3backend-pdftex.def
File: l3backend-pdftex.def 2022-02-07 L3 backend support: PDF output (pdfTeX)
\l__color_backend_stack_int=\count274
\l__pdf_internal_box=\box52
) (./chem156_ch14.aux)
\openout1 = `chem156_ch14.aux'.

LaTeX Font Info:    Checking defaults for OML/cmm/m/it on input line 18.
LaTeX Font Info:    ... okay on input line 18.
LaTeX Font Info:    Checking defaults for OMS/cmsy/m/n on input line 18.
LaTeX Font Info:    ... okay on input line 18.
LaTeX Font Info:    Checking defaults for OT1/cmr/m/n on input line 18.
LaTeX Font Info:    ... okay on input line 18.
LaTeX Font Info:    Checking defaults for T1/cmr/m/n on input line 18.
LaTeX Font Info:    ... okay on input line 18.
LaTeX Font Info:    Checking defaults for TS1/cmr/m/n on input line 18.
LaTeX Font Info:    ... okay on input line 18.
LaTeX Font Info:    Checking defaults for OMX/cmex/m/n on input line 18.
LaTeX Font Info:    ... okay on input line 18.
LaTeX Font Info:    Checking defaults for U/cmr/m/n on input line 18.
LaTeX Font Info:    ... okay on input line 18.

*geometry* driver: auto-detecting
*geometry* detected driver: pdftex
*geometry* verbose mode - [ preamble ] result:
* driver: pdftex
* paper: letterpaper
* layout: <same size as paper>
* layoutoffset:(h,v)=(0.0pt,0.0pt)
* modes: 
* h-part:(L,W,R)=(72.26999pt, 469.75502pt, 72.26999pt)
* v-part:(T,H,B)=(72.26999pt, 650.43001pt, 72.26999pt)
* \paperwidth=614.295pt
* \paperheight=794.96999pt
* \textwidth=469.75502pt
* \textheight=650.43001pt
* \oddsidemargin=0.0pt
* \evensidemargin=0.0pt
* \topmargin=-37.0pt
* \headheight=12.0pt
* \headsep=25.0pt
* \topskip=12.0pt
* \footskip=30.0pt
* \marginparwidth=44.0pt
* \marginparsep=10.0pt
* \columnsep=10.0pt
* \skip\footins=10.8pt plus 4.0pt minus 2.0pt
* \hoffset=0.0pt
* \voffset=0.0pt
* \mag=1000
* \@twocolumnfalse
* \@twosidefalse
* \@mparswitchfalse
* \@reversemarginfalse
* (1in=72.27pt=25.4mm, 1cm=28.453pt)

(/usr/local/texlive/2022/texmf-dist/tex/context/base/mkii/supp-pdf.mkii
[Loading MPS to PDF converter (version 2006.09.02).]
\scratchcounter=\count275
\scratchdimen=\dimen159
\scratchbox=\box53
\nofMPsegments=\count276
\nofMParguments=\count277
\everyMPshowfont=\toks25
\MPscratchCnt=\count278
\MPscratchDim=\dimen160
\MPnumerator=\count279
\makeMPintoPDFobject=\count280
\everyMPtoPDFconversion=\toks26
) (/usr/local/texlive/2022/texmf-dist/tex/latex/epstopdf-pkg/epstopdf-base.sty
Package: epstopdf-base 2020-01-24 v2.11 Base part for package epstopdf
Package epstopdf-base Info: Redefining graphics rule for `.eps' on input line 485.
 (/usr/local/texlive/2022/texmf-dist/tex/latex/latexconfig/epstopdf-sys.cfg
File: epstopdf-sys.cfg 2010/07/13 v1.3 Configuration of (r)epstopdf for TeX Live
))
<./Chem 156 Images//Sedimentaton Velocity with Radius.png, id=1, 681.54625pt x 249.93375pt>
File: ./Chem 156 Images//Sedimentaton Velocity with Radius.png Graphic file (type png)
<use ./Chem 156 Images//Sedimentaton Velocity with Radius.png>
Package pdftex.def Info: ./Chem 156 Images//Sedimentaton Velocity with Radius.png  used on input line 44.
(pdftex.def)             Requested size: 477.07912pt x 174.95242pt.

Overfull \hbox (7.3241pt too wide) in paragraph at lines 44--45
[][] 
 []


Underfull \hbox (badness 10000) in paragraph at lines 46--51

 []


Underfull \hbox (badness 10000) in paragraph at lines 46--51

 []


Underfull \hbox (badness 10000) in paragraph at lines 46--51

 []


Underfull \hbox (badness 10000) in paragraph at lines 46--51

 []

[1

{/usr/local/texlive/2022/texmf-var/fonts/map/pdftex/updmap/pdftex.map} <./Chem 156 Images//Sedimentaton Velocity with Radius.png>]
Underfull \hbox (badness 10000) in paragraph at lines 73--74

 []

[2] [3]
<./Chem 156 Images//Sedimentation Profile.png, id=27, 418.56375pt x 389.455pt>
File: ./Chem 156 Images//Sedimentation Profile.png Graphic file (type png)
<use ./Chem 156 Images//Sedimentation Profile.png>
Package pdftex.def Info: ./Chem 156 Images//Sedimentation Profile.png  used on input line 133.
(pdftex.def)             Requested size: 292.99261pt x 272.61664pt.
 [4 <./Chem 156 Images//Sedimentation Profile.png>]
Underfull \hbox (badness 10000) in paragraph at lines 158--159

 []


Underfull \hbox (badness 10000) in paragraph at lines 168--169

 []


Underfull \hbox (badness 10000) in paragraph at lines 168--169

 []

[5]
Underfull \hbox (badness 10000) in paragraph at lines 190--192

 []

[6]
<./Chem 156 Images//Reaction Rates.png, id=39, 791.95876pt x 322.20375pt>
File: ./Chem 156 Images//Reaction Rates.png Graphic file (type png)
<use ./Chem 156 Images//Reaction Rates.png>
Package pdftex.def Info: ./Chem 156 Images//Reaction Rates.png  used on input line 228.
(pdftex.def)             Requested size: 475.17892pt x 193.32373pt.

Overfull \hbox (5.4239pt too wide) in paragraph at lines 228--229
[][] 
 []

[7 <./Chem 156 Images//Reaction Rates.png>]
Underfull \hbox (badness 10000) in paragraph at lines 252--254

 []


Underfull \hbox (badness 10000) in paragraph at lines 252--254

 []

<./Chem 156 Images//Rate Law Graph.png, id=46, 374.39874pt x 301.125pt>
File: ./Chem 156 Images//Rate Law Graph.png Graphic file (type png)
<use ./Chem 156 Images//Rate Law Graph.png>
Package pdftex.def Info: ./Chem 156 Images//Rate Law Graph.png  used on input line 271.
(pdftex.def)             Requested size: 131.04152pt x 105.39532pt.
[8 <./Chem 156 Images//Rate Law Graph.png>]
Underfull \hbox (badness 10000) in paragraph at lines 290--291

 []


Underfull \hbox (badness 10000) in paragraph at lines 290--291

 []

[9]
<./Chem 156 Images//Complex Reaction.png, id=54, 132.495pt x 128.48pt>
File: ./Chem 156 Images//Complex Reaction.png Graphic file (type png)
<use ./Chem 156 Images//Complex Reaction.png>
Package pdftex.def Info: ./Chem 156 Images//Complex Reaction.png  used on input line 317.
(pdftex.def)             Requested size: 66.24733pt x 64.23984pt.

Underfull \hbox (badness 10000) in paragraph at lines 329--332

 []

[10 <./Chem 156 Images//Complex Reaction.png>] [11] [12] [13]
<./Chem 156 Images//ln(x) vs. time.png, id=69, 485.815pt x 399.4925pt>
File: ./Chem 156 Images//ln(x) vs. time.png Graphic file (type png)
<use ./Chem 156 Images//ln(x) vs. time.png>
Package pdftex.def Info: ./Chem 156 Images//ln(x) vs. time.png  used on input line 481.
(pdftex.def)             Requested size: 194.32256pt x 159.79416pt.
 [14 <./Chem 156 Images//ln(x) vs. time.png>] [15] [16] [17] [18] [19]
<./Chem 156 Images//Catalysis .png, id=91, 441.65pt x 372.39125pt>
File: ./Chem 156 Images//Catalysis .png Graphic file (type png)
<use ./Chem 156 Images//Catalysis .png>
Package pdftex.def Info: ./Chem 156 Images//Catalysis .png  used on input line 703.
(pdftex.def)             Requested size: 220.82445pt x 186.19516pt.
 [20 <./Chem 156 Images//Catalysis .png>]
<./Chem 156 Images//Kbinding.png, id=96, 459.7175pt x 275.0275pt>
File: ./Chem 156 Images//Kbinding.png Graphic file (type png)
<use ./Chem 156 Images//Kbinding.png>
Package pdftex.def Info: ./Chem 156 Images//Kbinding.png  used on input line 714.
(pdftex.def)             Requested size: 229.85818pt x 137.51341pt.
 [21 <./Chem 156 Images//Kbinding.png>] [22] [23]
<./Chem 156 Images//energy transitions.png, id=107, 324.21124pt x 250.9375pt>
File: ./Chem 156 Images//energy transitions.png Graphic file (type png)
<use ./Chem 156 Images//energy transitions.png>
Package pdftex.def Info: ./Chem 156 Images//energy transitions.png  used on input line 795.
(pdftex.def)             Requested size: 243.15784pt x 188.20265pt.
<./Chem 156 Images//energy states.png, id=108, 495.8525pt x 279.0425pt>
File: ./Chem 156 Images//energy states.png Graphic file (type png)
<use ./Chem 156 Images//energy states.png>
Package pdftex.def Info: ./Chem 156 Images//energy states.png  used on input line 812.
(pdftex.def)             Requested size: 371.88846pt x 209.28136pt.
 [24 <./Chem 156 Images//energy transitions.png>] [25 <./Chem 156 Images//energy states.png>]
<./Chem 156 Images//fluorescence.png, id=118, 508.90125pt x 551.05875pt>
File: ./Chem 156 Images//fluorescence.png Graphic file (type png)
<use ./Chem 156 Images//fluorescence.png>
Package pdftex.def Info: ./Chem 156 Images//fluorescence.png  used on input line 839.
(pdftex.def)             Requested size: 254.45pt x 275.52869pt.
 [26 <./Chem 156 Images//fluorescence.png>]
<./Chem 156 Images//stokes shift.png, id=123, 435.6275pt x 304.13625pt>
File: ./Chem 156 Images//stokes shift.png Graphic file (type png)
<use ./Chem 156 Images//stokes shift.png>
Package pdftex.def Info: ./Chem 156 Images//stokes shift.png  used on input line 866.
(pdftex.def)             Requested size: 217.81322pt x 152.06775pt.
 [27 <./Chem 156 Images//stokes shift.png>]
<./Chem 156 Images//fluorescence experiment.png, id=128, 769.87625pt x 385.44pt>
File: ./Chem 156 Images//fluorescence experiment.png Graphic file (type png)
<use ./Chem 156 Images//fluorescence experiment.png>
Package pdftex.def Info: ./Chem 156 Images//fluorescence experiment.png  used on input line 887.
(pdftex.def)             Requested size: 269.46072pt x 134.90602pt.
 [28 <./Chem 156 Images//fluorescence experiment.png>]
<./Chem 156 Images//ground states.png, id=133, 616.3025pt x 370.38374pt>
File: ./Chem 156 Images//ground states.png Graphic file (type png)
<use ./Chem 156 Images//ground states.png>
Package pdftex.def Info: ./Chem 156 Images//ground states.png  used on input line 910.
(pdftex.def)             Requested size: 308.1505pt x 185.1914pt.
<./Chem 156 Images//fluorescent experiment.png, id=134, 527.9725pt x 187.70125pt>
File: ./Chem 156 Images//fluorescent experiment.png Graphic file (type png)
<use ./Chem 156 Images//fluorescent experiment.png>
Package pdftex.def Info: ./Chem 156 Images//fluorescent experiment.png  used on input line 926.
(pdftex.def)             Requested size: 263.9856pt x 93.85039pt.
 [29 <./Chem 156 Images//ground states.png>]
<./Chem 156 Images//quantum.png, id=139, 360.34625pt x 257.96375pt>
File: ./Chem 156 Images//quantum.png Graphic file (type png)
<use ./Chem 156 Images//quantum.png>
Package pdftex.def Info: ./Chem 156 Images//quantum.png  used on input line 962.
(pdftex.def)             Requested size: 360.34537pt x 257.9631pt.
 [30 <./Chem 156 Images//fluorescent experiment.png>] [31 <./Chem 156 Images//quantum.png>]
<./Chem 156 Images//spectroscopy.png, id=149, 541.02126pt x 258.9675pt>
File: ./Chem 156 Images//spectroscopy.png Graphic file (type png)
<use ./Chem 156 Images//spectroscopy.png>
Package pdftex.def Info: ./Chem 156 Images//spectroscopy.png  used on input line 982.
(pdftex.def)             Requested size: 270.50996pt x 129.48341pt.
 [32 <./Chem 156 Images//spectroscopy.png>]
<./Chem 156 Images//symmetry.png, id=154, 615.29875pt x 432.61626pt>
File: ./Chem 156 Images//symmetry.png Graphic file (type png)
<use ./Chem 156 Images//symmetry.png>
Package pdftex.def Info: ./Chem 156 Images//symmetry.png  used on input line 1024.
(pdftex.def)             Requested size: 307.64862pt x 216.3076pt.
 [33 <./Chem 156 Images//symmetry.png>]
<./Chem 156 Images//pi orbitals.png, id=159, 421.575pt x 175.65625pt>
File: ./Chem 156 Images//pi orbitals.png Graphic file (type png)
<use ./Chem 156 Images//pi orbitals.png>
Package pdftex.def Info: ./Chem 156 Images//pi orbitals.png  used on input line 1038.
(pdftex.def)             Requested size: 210.78697pt x 87.8279pt.
<./Chem 156 Images//wavefunctions.png, id=160, 265.99374pt x 135.50626pt>
File: ./Chem 156 Images//wavefunctions.png Graphic file (type png)
<use ./Chem 156 Images//wavefunctions.png>
Package pdftex.def Info: ./Chem 156 Images//wavefunctions.png  used on input line 1053.
(pdftex.def)             Requested size: 265.99309pt x 135.5059pt.
 [34 <./Chem 156 Images//pi orbitals.png> <./Chem 156 Images//wavefunctions.png>]
<./Chem 156 Images//more wavefunctions.png, id=166, 763.85374pt x 169.63374pt>
File: ./Chem 156 Images//more wavefunctions.png Graphic file (type png)
<use ./Chem 156 Images//more wavefunctions.png>
Package pdftex.def Info: ./Chem 156 Images//more wavefunctions.png  used on input line 1065.
(pdftex.def)             Requested size: 381.92593pt x 84.81665pt.
 [35 <./Chem 156 Images//more wavefunctions.png>]
<./Chem 156 Images//polarizer.png, id=171, 809.0225pt x 388.45125pt>
File: ./Chem 156 Images//polarizer.png Graphic file (type png)
<use ./Chem 156 Images//polarizer.png>
Package pdftex.def Info: ./Chem 156 Images//polarizer.png  used on input line 1101.
(pdftex.def)             Requested size: 404.51027pt x 194.22514pt.
 [36 <./Chem 156 Images//polarizer.png>]
<./Chem 156 Images//anisotropy.png, id=176, 807.015pt x 332.24126pt>
File: ./Chem 156 Images//anisotropy.png Graphic file (type png)
<use ./Chem 156 Images//anisotropy.png>
Package pdftex.def Info: ./Chem 156 Images//anisotropy.png  used on input line 1144.
(pdftex.def)             Requested size: 403.50652pt x 166.12021pt.
 [37 <./Chem 156 Images//anisotropy.png>]
<./Chem 156 Images//FRET.png, id=182, 586.19pt x 222.8325pt>
File: ./Chem 156 Images//FRET.png Graphic file (type png)
<use ./Chem 156 Images//FRET.png>
Package pdftex.def Info: ./Chem 156 Images//FRET.png  used on input line 1154.
(pdftex.def)             Requested size: 293.09428pt x 111.41597pt.
 [38 <./Chem 156 Images//FRET.png>]
<./Chem 156 Images//fret 2.png, id=187, 788.9475pt x 370.38374pt>
File: ./Chem 156 Images//fret 2.png Graphic file (type png)
<use ./Chem 156 Images//fret 2.png>
Package pdftex.def Info: ./Chem 156 Images//fret 2.png  used on input line 1172.
(pdftex.def)             Requested size: 394.47278pt x 185.1914pt.
 [39 <./Chem 156 Images//fret 2.png>]
Overfull \hbox (8.2943pt too wide) in paragraph at lines 1192--1194
\OT1/cmr/m/n/12 through-out the mem-brane, and then trans-fer that ex-ci-ton en-ergy (FRET) to pig-ment molecules
 []

<./Chem 156 Images//circular polarization.png, id=192, 597.23125pt x 439.6425pt>
File: ./Chem 156 Images//circular polarization.png Graphic file (type png)
<use ./Chem 156 Images//circular polarization.png>
Package pdftex.def Info: ./Chem 156 Images//circular polarization.png  used on input line 1204.
(pdftex.def)             Requested size: 298.61488pt x 219.82071pt.
[40 <./Chem 156 Images//circular polarization.png>]
<./Chem 156 Images//ellipticity.png, id=197, 468.75125pt x 261.97874pt>
File: ./Chem 156 Images//ellipticity.png Graphic file (type png)
<use ./Chem 156 Images//ellipticity.png>
Package pdftex.def Info: ./Chem 156 Images//ellipticity.png  used on input line 1229.
(pdftex.def)             Requested size: 234.37505pt x 130.98904pt.
 [41 <./Chem 156 Images//ellipticity.png>]
<./Chem 156 Images//angle of rotation.png, id=202, 162.6075pt x 284.06125pt>
File: ./Chem 156 Images//angle of rotation.png Graphic file (type png)
<use ./Chem 156 Images//angle of rotation.png>
Package pdftex.def Info: ./Chem 156 Images//angle of rotation.png  used on input line 1270.
(pdftex.def)             Requested size: 81.30354pt x 142.03026pt.
 [42] [43 <./Chem 156 Images//angle of rotation.png>] (./chem156_ch14.aux) ) 
Here is how much of TeX's memory you used:
 3408 strings out of 478268
 56070 string characters out of 5846346
 359493 words of memory out of 5000000
 21571 multiletter control sequences out of 15000+600000
 477333 words of font info for 55 fonts, out of 8000000 for 9000
 1141 hyphenation exceptions out of 8191
 55i,15n,62p,330b,223s stack positions out of 10000i,1000n,20000p,200000b,200000s
{/usr/local/texlive/2022/texmf-dist/fonts/enc/dvips/cm-super/cm-super-ts1.enc}</usr/local/texlive/2022/texmf-dist/fonts/type1/public/amsfonts/cm/cmbsy10.pfb></usr/local/texlive/2022/texmf-dist/fonts/type1/public/amsfonts/cmextra/cmbsy6.pfb></usr/local/texlive/2022/texmf-dist/fonts/type1/public/amsfonts/cmextra/cmbsy8.pfb></usr/local/texlive/2022/texmf-dist/fonts/type1/public/amsfonts/cm/cmbx12.pfb></usr/local/texlive/2022/texmf-dist/fonts/type1/public/amsfonts/cm/cmbx6.pfb></usr/local/texlive/2022/texmf-dist/fonts/type1/public/amsfonts/cm/cmbx8.pfb></usr/local/texlive/2022/texmf-dist/fonts/type1/public/amsfonts/cm/cmex10.pfb></usr/local/texlive/2022/texmf-dist/fonts/type1/public/amsfonts/cm/cmmi12.pfb></usr/local/texlive/2022/texmf-dist/fonts/type1/public/amsfonts/cm/cmmib10.pfb></usr/local/texlive/2022/texmf-dist/fonts/type1/public/amsfonts/cmextra/cmmib6.pfb></usr/local/texlive/2022/texmf-dist/fonts/type1/public/amsfonts/cmextra/cmmib8.pfb></usr/local/texlive/2022/texmf-dist/fonts/type1/public/amsfonts/cm/cmr12.pfb></usr/local/texlive/2022/texmf-dist/fonts/type1/public/amsfonts/cm/cmr8.pfb></usr/local/texlive/2022/texmf-dist/fonts/type1/public/amsfonts/cm/cmti12.pfb></usr/local/texlive/2022/texmf-dist/fonts/type1/public/cm-super/sfrm1200.pfb>
Output written on chem156_ch14.pdf (43 pages, 4280918 bytes).
PDF statistics:
 278 PDF objects out of 1000 (max. 8388607)
 145 compressed objects within 2 object streams
 0 named destinations out of 1000 (max. 500000)
 141 words of extra memory for PDF output out of 10000 (max. 10000000)

